<?xml version="1.0" encoding="UTF-8"?>
<testsuite xmlns:xsi="http://www.w3.org/2001/XMLSchema-instance" xsi:noNamespaceSchemaLocation="https://maven.apache.org/surefire/maven-surefire-plugin/xsd/surefire-test-report.xsd" version="3.0.2" name="org.acme.GreetingResourceTest" time="5.38" tests="1" errors="1" skipped="0" failures="0">
  <properties>
[...]
</properties>
  <testcase name="testHelloEndpoint" classname="org.acme.GreetingResourceTest" time="0.02">
    <error message="java.lang.RuntimeException: Failed to start quarkus" type="java.lang.RuntimeException"><![CDATA[java.lang.RuntimeException: java.lang.RuntimeException: Failed to start quarkus
	at io.quarkus.test.junit.QuarkusTestExtension.throwBootFailureException(QuarkusTestExtension.java:667)
	at io.quarkus.test.junit.QuarkusTestExtension.interceptTestClassConstructor(QuarkusTestExtension.java:762)
	at java.base/java.util.Optional.orElseGet(Optional.java:364)
	at java.base/java.util.ArrayList.forEach(ArrayList.java:1596)
	at java.base/java.util.ArrayList.forEach(ArrayList.java:1596)
Caused by: java.lang.RuntimeException: Failed to start quarkus
	at io.quarkus.runner.ApplicationImpl.doStart(Unknown Source)
	at io.quarkus.runtime.Application.start(Application.java:101)
	at java.base/java.lang.reflect.Method.invoke(Method.java:580)
	at io.quarkus.runner.bootstrap.StartupActionImpl.run(StartupActionImpl.java:310)
	at io.quarkus.test.junit.QuarkusTestExtension.doJavaStart(QuarkusTestExtension.java:232)
	at io.quarkus.test.junit.QuarkusTestExtension.ensureStarted(QuarkusTestExtension.java:641)
	at io.quarkus.test.junit.QuarkusTestExtension.beforeAll(QuarkusTestExtension.java:686)
	... 1 more
Caused by: java.lang.RuntimeException: Unable to start HTTP server
	at io.quarkus.vertx.http.runtime.VertxHttpRecorder.doServerStart(VertxHttpRecorder.java:979)
	at io.quarkus.vertx.http.runtime.VertxHttpRecorder.startServer(VertxHttpRecorder.java:370)
	at io.quarkus.runner.recorded.VertxHttpProcessor$openSocket1873327713.deploy_0(Unknown Source)
	at io.quarkus.runner.recorded.VertxHttpProcessor$openSocket1873327713.deploy(Unknown Source)
	... 8 more
Caused by: java.util.concurrent.ExecutionException: io.quarkus.runtime.QuarkusBindException: Port already bound: 8081: Address already in use: bind
	at java.base/java.util.concurrent.CompletableFuture.reportGet(CompletableFuture.java:396)
	at java.base/java.util.concurrent.CompletableFuture.get(CompletableFuture.java:2073)
	at io.quarkus.vertx.http.runtime.VertxHttpRecorder.doServerStart(VertxHttpRecorder.java:896)
	... 11 more
Caused by: io.quarkus.runtime.QuarkusBindException: Port already bound: 8081: Address already in use: bind
	at io.quarkus.vertx.http.runtime.VertxHttpRecorder$WebDeploymentVerticle$3.handle(VertxHttpRecorder.java:1348)
	at io.quarkus.vertx.http.runtime.VertxHttpRecorder$WebDeploymentVerticle$3.handle(VertxHttpRecorder.java:1343)
	at io.vertx.core.impl.future.FutureImpl$4.onFailure(FutureImpl.java:188)
	at io.vertx.core.impl.future.FutureBase.emitFailure(FutureBase.java:81)
	at io.vertx.core.impl.future.FutureImpl.addListener(FutureImpl.java:226)
	at io.vertx.core.impl.future.FutureImpl.onComplete(FutureImpl.java:199)
	at io.vertx.core.http.HttpServer.listen(HttpServer.java:243)
	at io.quarkus.vertx.http.runtime.VertxHttpRecorder$WebDeploymentVerticle.setupTcpHttpServer(VertxHttpRecorder.java:1343)
	at io.quarkus.vertx.http.runtime.VertxHttpRecorder$WebDeploymentVerticle.start(VertxHttpRecorder.java:1257)
	at io.vertx.core.impl.DeploymentManager.lambda$doDeploy$5(DeploymentManager.java:210)
	at io.vertx.core.impl.ContextInternal.dispatch(ContextInternal.java:270)
	at io.vertx.core.impl.ContextInternal.dispatch(ContextInternal.java:252)
	at io.vertx.core.impl.ContextInternal.lambda$runOnContext$0(ContextInternal.java:50)
	at io.netty.util.concurrent.AbstractEventExecutor.runTask(AbstractEventExecutor.java:173)
	at io.netty.util.concurrent.AbstractEventExecutor.safeExecute(AbstractEventExecutor.java:166)
	at io.netty.util.concurrent.SingleThreadEventExecutor.runAllTasks(SingleThreadEventExecutor.java:472)
	at io.netty.channel.nio.NioEventLoop.run(NioEventLoop.java:569)
	at io.netty.util.concurrent.SingleThreadEventExecutor$4.run(SingleThreadEventExecutor.java:998)
	at io.netty.util.internal.ThreadExecutorMap$2.run(ThreadExecutorMap.java:74)
	at io.netty.util.concurrent.FastThreadLocalRunnable.run(FastThreadLocalRunnable.java:30)
	at java.base/java.lang.Thread.run(Thread.java:1583)
]]></error>
    <system-out><![CDATA[2025-06-16 17:37:22,745 INFO  [org.hib.jpa.int.uti.LogHelper] (main) HHH000204: Processing PersistenceUnitInfo [name: <default>]
2025-06-16 17:37:23,187 INFO  [org.hib.Version] (main) HHH000412: Hibernate ORM core version 6.6.14.Final
2025-06-16 17:37:23,556 INFO  [org.hib.orm.con.pooling] (main) HHH10001005: Database info:
	Database JDBC URL [undefined/unknown]
	Database driver: undefined/unknown
	Database version: 12.0
	Autocommit mode: undefined/unknown
	Isolation level: <unknown>
	Minimum pool size: undefined/unknown
	Maximum pool size: undefined/unknown
]]></system-out>
  </testcase>
</testsuite>